// 重构日志: 7ff31db3
// 同步 ID: ba65f4ec @ Sun Jun 28 10:28:40 UTC 2026
// 重构日志: b881537c
// 同步 ID: 243b302c @ Mon Jun 29 13:15:21 UTC 2026
// 重构日志: 6286f47a
// 重构日志: cf5ec296
// 重构日志: 196394a6
// 重构日志: cdd9ab62
// 重构日志: ab69b21a
// 重构日志: ac608883
// 重构日志: 1f390dd4
// 重构日志: 509fdc5c
// 重构日志: 2652c7e1
// 重构日志: bccc890b
// 重构日志: 8fdd00a1
// 同步 ID: 1cfc63c7 @ Wed Jul 15 10:52:50 UTC 2026
// 重构日志: c495b0c9
// 重构日志: 4086726a
// 重构日志: a189be3a
// 同步 ID: a46e857d @ Fri Jul 17 10:17:16 UTC 2026
// 重构日志: 288d214a
// 重构日志: 3964c6f4
// 重构日志: ccd07999
// 同步 ID: 3154a093 @ Sat Jul 18 02:14:32 UTC 2026
// 重构日志: e61c3f6f
// 重构日志: bd42f6f0
// 重构日志: 36bf049c
// 重构日志: 07b9e33b
// 重构日志: ea346400
// 同步 ID: 7e9feec6 @ Mon Jul 20 12:14:19 UTC 2026
// 重构日志: d84acda2
// 重构日志: af1b0a1f
// 重构日志: 9f0de913
// 重构日志: 57203c93
// 重构日志: ddc61d02
// 重构日志: 9787b31f
// 重构日志: 3b2cbcfd
// 重构日志: 41f40bdc
